Assembler report for DE1_SOC_Linux_FB
Sat Jan  7 20:16:09 2017
Quartus Prime Version 16.0.2 Build 222 07/20/2016 SJ Lite Edition


---------------------
; Table of Contents ;
---------------------
  1. Legal Notice
  2. Assembler Summary
  3. Assembler Settings
  4. Assembler Encrypted IP Cores Summary
  5. Assembler Generated Files
  6. Assembler Device Options: DE1_SOC_Linux_FB.sof
  7. Assembler Messages



----------------
; Legal Notice ;
----------------
Copyright (C) 1991-2016 Altera Corporation. All rights reserved.
Your use of Altera Corporation's design tools, logic functions 
and other software and tools, and its AMPP partner logic 
functions, and any output files from any of the foregoing 
(including device programming or simulation files), and any 
associated documentation or information are expressly subject 
to the terms and conditions of the Altera Program License 
Subscription Agreement, the Altera Quartus Prime License Agreement,
the Altera MegaCore Function License Agreement, or other 
applicable license agreement, including, without limitation, 
that your use is for the sole purpose of programming logic 
devices manufactured by Altera and sold by Altera or its 
authorized distributors.  Please refer to the applicable 
agreement for further details.



+---------------------------------------------------------------+
; Assembler Summary                                             ;
+-----------------------+---------------------------------------+
; Assembler Status      ; Successful - Sat Jan  7 20:16:09 2017 ;
; Revision Name         ; DE1_SOC_Linux_FB                      ;
; Top-level Entity Name ; DE1_SOC_Linux_FB                      ;
; Family                ; Cyclone V                             ;
; Device                ; 5CSEMA5F31C6                          ;
+-----------------------+---------------------------------------+


+----------------------------------+
; Assembler Settings               ;
+--------+---------+---------------+
; Option ; Setting ; Default Value ;
+--------+---------+---------------+


+------------------------------------------------+
; Assembler Encrypted IP Cores Summary           ;
+--------+------------------------+--------------+
; Vendor ; IP Core Name           ; License Type ;
+--------+------------------------+--------------+
; Altera ; Signal Tap (6AF7 BCE1) ; Licensed     ;
; Altera ; Signal Tap (6AF7 BCEC) ; Licensed     ;
+--------+------------------------+--------------+


+---------------------------+
; Assembler Generated Files ;
+---------------------------+
; File Name                 ;
+---------------------------+
; DE1_SOC_Linux_FB.sof      ;
+---------------------------+


+------------------------------------------------+
; Assembler Device Options: DE1_SOC_Linux_FB.sof ;
+----------------+-------------------------------+
; Option         ; Setting                       ;
+----------------+-------------------------------+
; Device         ; 5CSEMA5F31C6                  ;
; JTAG usercode  ; 0x028ED4A7                    ;
; Checksum       ; 0x028ED4A7                    ;
+----------------+-------------------------------+


+--------------------+
; Assembler Messages ;
+--------------------+
Info: *******************************************************************
Info: Running Quartus Prime Assembler
    Info: Version 16.0.2 Build 222 07/20/2016 SJ Lite Edition
    Info: Processing started: Sat Jan  7 20:15:52 2017
Info: Command: quartus_asm --read_settings_files=off --write_settings_files=off DE1_SOC_Linux_FB -c DE1_SOC_Linux_FB
Info (115030): Assembler is generating device programming files
Info (11878): Hard Processor Subsystem configuration has not changed and a Preloader software update is not required
Info: Quartus Prime Assembler was successful. 0 errors, 0 warnings
    Info: Peak virtual memory: 1428 megabytes
    Info: Processing ended: Sat Jan  7 20:16:10 2017
    Info: Elapsed time: 00:00:18
    Info: Total CPU time (on all processors): 00:00:18


