Info: Starting: Create block symbol file (.bsf)
Info: qsys-generate /home/fabricio/OpenGPU/hardware/fpga_de1_soc_project/soc_system.qsys --block-symbol-file --output-directory=/home/fabricio/OpenGPU/hardware/fpga_de1_soc_project/soc_system --family="Cyclone V" --part=5CSEMA5F31C6
Progress: Loading fpga_de1_soc_project/soc_system.qsys
Progress: Reading input file
Progress: Adding alt_vip_itc_0 [alt_vip_itc 14.0]
Progress: Parameterizing module alt_vip_itc_0
Progress: Adding alt_vip_vfr_vga [alt_vip_vfr 14.0]
Progress: Parameterizing module alt_vip_vfr_vga
Progress: Adding button_pio [altera_avalon_pio 16.0]
Progress: Parameterizing module button_pio
Progress: Adding clk_0 [clock_source 16.0]
Progress: Parameterizing module clk_0
Progress: Adding dbg_csig [altera_in_system_sources_probes 16.0]
Progress: Parameterizing module dbg_csig
Progress: Adding dbg_ram [altera_in_system_sources_probes 16.0]
Progress: Parameterizing module dbg_ram
Progress: Adding dipsw_pio [altera_avalon_pio 16.0]
Progress: Parameterizing module dipsw_pio
Progress: Adding hps_0 [altera_hps 16.0]
Progress: Parameterizing module hps_0
Progress: Adding intr_capturer_0 [intr_capturer 100.99.98.97]
Progress: Parameterizing module intr_capturer_0
Progress: Adding jtag_uart [altera_avalon_jtag_uart 16.0]
Progress: Parameterizing module jtag_uart
Progress: Adding led_pio [altera_avalon_pio 16.0]
Progress: Parameterizing module led_pio
Progress: Adding master_non_sec [altera_jtag_avalon_master 16.0]
Progress: Parameterizing module master_non_sec
Progress: Adding master_secure [altera_jtag_avalon_master 16.0]
Progress: Parameterizing module master_secure
Progress: Adding ogpu_quad_store_ack [altera_avalon_pio 16.0]
Progress: Parameterizing module ogpu_quad_store_ack
Progress: Adding ogpu_quad_store_data_high [altera_avalon_pio 16.0]
Progress: Parameterizing module ogpu_quad_store_data_high
Progress: Adding ogpu_quad_store_data_low [altera_avalon_pio 16.0]
Progress: Parameterizing module ogpu_quad_store_data_low
Progress: Adding ogpu_quad_store_req [altera_avalon_pio 16.0]
Progress: Parameterizing module ogpu_quad_store_req
Progress: Adding ogpu_raster_unit_clip_rect0 [altera_avalon_pio 16.0]
Progress: Parameterizing module ogpu_raster_unit_clip_rect0
Progress: Adding ogpu_raster_unit_clip_rect1 [altera_avalon_pio 16.0]
Progress: Parameterizing module ogpu_raster_unit_clip_rect1
Progress: Adding ogpu_raster_unit_command [altera_avalon_pio 16.0]
Progress: Parameterizing module ogpu_raster_unit_command
Progress: Adding ogpu_raster_unit_depth_coef_a [altera_avalon_pio 16.0]
Progress: Parameterizing module ogpu_raster_unit_depth_coef_a
Progress: Adding ogpu_raster_unit_depth_coef_b [altera_avalon_pio 16.0]
Progress: Parameterizing module ogpu_raster_unit_depth_coef_b
Progress: Adding ogpu_raster_unit_depth_coef_c [altera_avalon_pio 16.0]
Progress: Parameterizing module ogpu_raster_unit_depth_coef_c
Progress: Adding ogpu_raster_unit_quad_buffer_addr_high [altera_avalon_pio 16.0]
Progress: Parameterizing module ogpu_raster_unit_quad_buffer_addr_high
Progress: Adding ogpu_raster_unit_quad_buffer_addr_low [altera_avalon_pio 16.0]
Progress: Parameterizing module ogpu_raster_unit_quad_buffer_addr_low
Progress: Adding ogpu_raster_unit_status [altera_avalon_pio 16.0]
Progress: Parameterizing module ogpu_raster_unit_status
Progress: Adding ogpu_raster_unit_tile0 [altera_avalon_pio 16.0]
Progress: Parameterizing module ogpu_raster_unit_tile0
Progress: Adding ogpu_raster_unit_tile1 [altera_avalon_pio 16.0]
Progress: Parameterizing module ogpu_raster_unit_tile1
Progress: Adding ogpu_raster_unit_v0x [altera_avalon_pio 16.0]
Progress: Parameterizing module ogpu_raster_unit_v0x
Progress: Adding ogpu_raster_unit_v0y [altera_avalon_pio 16.0]
Progress: Parameterizing module ogpu_raster_unit_v0y
Progress: Adding ogpu_raster_unit_v0z [altera_avalon_pio 16.0]
Progress: Parameterizing module ogpu_raster_unit_v0z
Progress: Adding ogpu_raster_unit_v1x [altera_avalon_pio 16.0]
Progress: Parameterizing module ogpu_raster_unit_v1x
Progress: Adding ogpu_raster_unit_v1y [altera_avalon_pio 16.0]
Progress: Parameterizing module ogpu_raster_unit_v1y
Progress: Adding ogpu_raster_unit_v1z [altera_avalon_pio 16.0]
Progress: Parameterizing module ogpu_raster_unit_v1z
Progress: Adding ogpu_raster_unit_v2x [altera_avalon_pio 16.0]
Progress: Parameterizing module ogpu_raster_unit_v2x
Progress: Adding ogpu_raster_unit_v2y [altera_avalon_pio 16.0]
Progress: Parameterizing module ogpu_raster_unit_v2y
Progress: Adding ogpu_raster_unit_v2z [altera_avalon_pio 16.0]
Progress: Parameterizing module ogpu_raster_unit_v2z
Progress: Adding ogpu_reset [altera_avalon_pio 16.0]
Progress: Parameterizing module ogpu_reset
Progress: Adding pll_stream [altera_pll 16.0]
Progress: Parameterizing module pll_stream
Progress: Adding seven_seg_0 [altera_avalon_pio 16.0]
Progress: Parameterizing module seven_seg_0
Progress: Adding seven_seg_1 [altera_avalon_pio 16.0]
Progress: Parameterizing module seven_seg_1
Progress: Adding seven_seg_2 [altera_avalon_pio 16.0]
Progress: Parameterizing module seven_seg_2
Progress: Adding seven_seg_3 [altera_avalon_pio 16.0]
Progress: Parameterizing module seven_seg_3
Progress: Adding seven_seg_4 [altera_avalon_pio 16.0]
Progress: Parameterizing module seven_seg_4
Progress: Adding seven_seg_5 [altera_avalon_pio 16.0]
Progress: Parameterizing module seven_seg_5
Progress: Adding sysid_qsys [altera_avalon_sysid_qsys 16.0]
Progress: Parameterizing module sysid_qsys
Progress: Building connections
Progress: Parameterizing connections
Progress: Validating
Progress: Done reading input file
Warning: soc_system.alt_vip_vfr_vga: The module properties SIMULATION_MODEL_IN_VERILOG and SIMULATION_MODEL_IN_VHDL can not both be set when using the SIMULATION file property: src_hdl/alt_vipvfr131_vfr.v, src_hdl/alt_vipvfr131_vfr_controller.v, src_hdl/alt_vipvfr131_vfr_control_packet_encoder.v, src_hdl/alt_vipvfr131_prc.v, src_hdl/alt_vipvfr131_prc_core.v, src_hdl/alt_vipvfr131_prc_read_master.v, /opt/altera/16.0/ip/altera/frame_reader/common_hdl/alt_vipvfr131_common_package.vhd, /opt/altera/16.0/ip/altera/frame_reader/common_hdl/alt_vipvfr131_common_avalon_mm_bursting_master_fifo.vhd, /opt/altera/16.0/ip/altera/frame_reader/common_hdl/alt_vipvfr131_common_avalon_mm_master.v, /opt/altera/16.0/ip/altera/frame_reader/common_hdl/alt_vipvfr131_common_unpack_data.v, /opt/altera/16.0/ip/altera/frame_reader/common_hdl/alt_vipvfr131_common_avalon_mm_slave.v, /opt/altera/16.0/ip/altera/frame_reader/common_hdl/alt_vipvfr131_common_stream_output.v, /opt/altera/16.0/ip/altera/frame_reader/common_hdl/alt_vipvfr131_common_pulling_width_adapter.vhd, /opt/altera/16.0/ip/altera/frame_reader/common_hdl/alt_vipvfr131_common_general_fifo.vhd, /opt/altera/16.0/ip/altera/frame_reader/common_hdl/alt_vipvfr131_common_fifo_usedw_calculator.vhd, /opt/altera/16.0/ip/altera/frame_reader/common_hdl/alt_vipvfr131_common_gray_clock_crosser.vhd, /opt/altera/16.0/ip/altera/frame_reader/common_hdl/alt_vipvfr131_common_std_logic_vector_delay.vhd, /opt/altera/16.0/ip/altera/frame_reader/common_hdl/alt_vipvfr131_common_one_bit_delay.vhd, /opt/altera/16.0/ip/altera/frame_reader/common_hdl/alt_vipvfr131_common_logic_fifo.vhd, /opt/altera/16.0/ip/altera/frame_reader/common_hdl/alt_vipvfr131_common_ram_fifo.vhd
Info: soc_system.button_pio: PIO inputs are not hardwired in test bench. Undefined values will be read from PIO inputs during simulation.
Info: soc_system.dipsw_pio: PIO inputs are not hardwired in test bench. Undefined values will be read from PIO inputs during simulation.
Info: soc_system.hps_0: HPS Main PLL counter settings: n = 0  m = 73
Info: soc_system.hps_0: HPS peripherial PLL counter settings: n = 0  m = 39
Warning: soc_system.hps_0: "Configuration/HPS-to-FPGA user 0 clock frequency" (desired_cfg_clk_mhz) requested 100.0 MHz, but only achieved 97.368421 MHz
Warning: soc_system.hps_0: "QSPI clock frequency" (desired_qspi_clk_mhz) requested 400.0 MHz, but only achieved 370.0 MHz
Warning: soc_system.hps_0: 1 or more output clock frequencies cannot be achieved precisely, consider revising desired output clock frequencies.
Info: soc_system.hps_0: Ensure that valid Cortex A9 boot code is available to the HPS system when enabling boot from FPGA and h2f_axi_master interface is connecting to slave component start at address 0x0.
Info: soc_system.jtag_uart: JTAG UART IP input clock need to be at least double (2x) the operating frequency of JTAG TCK on board
Info: soc_system.ogpu_quad_store_data_high: PIO inputs are not hardwired in test bench. Undefined values will be read from PIO inputs during simulation.
Info: soc_system.ogpu_quad_store_data_low: PIO inputs are not hardwired in test bench. Undefined values will be read from PIO inputs during simulation.
Info: soc_system.ogpu_quad_store_req: PIO inputs are not hardwired in test bench. Undefined values will be read from PIO inputs during simulation.
Info: soc_system.ogpu_raster_unit_status: PIO inputs are not hardwired in test bench. Undefined values will be read from PIO inputs during simulation.
Info: soc_system.pll_stream: The legal reference clock frequency is 50.0 MHz..800.0 MHz
Info: soc_system.pll_stream: Able to implement PLL with user settings
Info: soc_system.sysid_qsys: System ID is not assigned automatically. Edit the System ID parameter to provide a unique ID
Info: soc_system.sysid_qsys: Time stamp will be automatically updated when this component is generated.
Warning: soc_system.hps_0: hps_0.f2h_boot_from_fpga must be exported, or connected to a matching conduit.
Warning: soc_system.pll_stream: pll_stream.locked must be exported, or connected to a matching conduit.
Warning: soc_system.alt_vip_vfr_vga: Interrupt sender alt_vip_vfr_vga.interrupt_sender is not connected to an interrupt receiver
Info: qsys-generate succeeded.
Info: Finished: Create block symbol file (.bsf)
Info: 
Info: Starting: Create HDL design files for synthesis
Info: qsys-generate /home/fabricio/OpenGPU/hardware/fpga_de1_soc_project/soc_system.qsys --synthesis=VHDL --output-directory=/home/fabricio/OpenGPU/hardware/fpga_de1_soc_project/soc_system/synthesis --family="Cyclone V" --part=5CSEMA5F31C6
Progress: Loading fpga_de1_soc_project/soc_system.qsys
Progress: Reading input file
Progress: Adding alt_vip_itc_0 [alt_vip_itc 14.0]
Progress: Parameterizing module alt_vip_itc_0
Progress: Adding alt_vip_vfr_vga [alt_vip_vfr 14.0]
Progress: Parameterizing module alt_vip_vfr_vga
Progress: Adding button_pio [altera_avalon_pio 16.0]
Progress: Parameterizing module button_pio
Progress: Adding clk_0 [clock_source 16.0]
Progress: Parameterizing module clk_0
Progress: Adding dbg_csig [altera_in_system_sources_probes 16.0]
Progress: Parameterizing module dbg_csig
Progress: Adding dbg_ram [altera_in_system_sources_probes 16.0]
Progress: Parameterizing module dbg_ram
Progress: Adding dipsw_pio [altera_avalon_pio 16.0]
Progress: Parameterizing module dipsw_pio
Progress: Adding hps_0 [altera_hps 16.0]
Progress: Parameterizing module hps_0
Progress: Adding intr_capturer_0 [intr_capturer 100.99.98.97]
Progress: Parameterizing module intr_capturer_0
Progress: Adding jtag_uart [altera_avalon_jtag_uart 16.0]
Progress: Parameterizing module jtag_uart
Progress: Adding led_pio [altera_avalon_pio 16.0]
Progress: Parameterizing module led_pio
Progress: Adding master_non_sec [altera_jtag_avalon_master 16.0]
Progress: Parameterizing module master_non_sec
Progress: Adding master_secure [altera_jtag_avalon_master 16.0]
Progress: Parameterizing module master_secure
Progress: Adding ogpu_quad_store_ack [altera_avalon_pio 16.0]
Progress: Parameterizing module ogpu_quad_store_ack
Progress: Adding ogpu_quad_store_data_high [altera_avalon_pio 16.0]
Progress: Parameterizing module ogpu_quad_store_data_high
Progress: Adding ogpu_quad_store_data_low [altera_avalon_pio 16.0]
Progress: Parameterizing module ogpu_quad_store_data_low
Progress: Adding ogpu_quad_store_req [altera_avalon_pio 16.0]
Progress: Parameterizing module ogpu_quad_store_req
Progress: Adding ogpu_raster_unit_clip_rect0 [altera_avalon_pio 16.0]
Progress: Parameterizing module ogpu_raster_unit_clip_rect0
Progress: Adding ogpu_raster_unit_clip_rect1 [altera_avalon_pio 16.0]
Progress: Parameterizing module ogpu_raster_unit_clip_rect1
Progress: Adding ogpu_raster_unit_command [altera_avalon_pio 16.0]
Progress: Parameterizing module ogpu_raster_unit_command
Progress: Adding ogpu_raster_unit_depth_coef_a [altera_avalon_pio 16.0]
Progress: Parameterizing module ogpu_raster_unit_depth_coef_a
Progress: Adding ogpu_raster_unit_depth_coef_b [altera_avalon_pio 16.0]
Progress: Parameterizing module ogpu_raster_unit_depth_coef_b
Progress: Adding ogpu_raster_unit_depth_coef_c [altera_avalon_pio 16.0]
Progress: Parameterizing module ogpu_raster_unit_depth_coef_c
Progress: Adding ogpu_raster_unit_quad_buffer_addr_high [altera_avalon_pio 16.0]
Progress: Parameterizing module ogpu_raster_unit_quad_buffer_addr_high
Progress: Adding ogpu_raster_unit_quad_buffer_addr_low [altera_avalon_pio 16.0]
Progress: Parameterizing module ogpu_raster_unit_quad_buffer_addr_low
Progress: Adding ogpu_raster_unit_status [altera_avalon_pio 16.0]
Progress: Parameterizing module ogpu_raster_unit_status
Progress: Adding ogpu_raster_unit_tile0 [altera_avalon_pio 16.0]
Progress: Parameterizing module ogpu_raster_unit_tile0
Progress: Adding ogpu_raster_unit_tile1 [altera_avalon_pio 16.0]
Progress: Parameterizing module ogpu_raster_unit_tile1
Progress: Adding ogpu_raster_unit_v0x [altera_avalon_pio 16.0]
Progress: Parameterizing module ogpu_raster_unit_v0x
Progress: Adding ogpu_raster_unit_v0y [altera_avalon_pio 16.0]
Progress: Parameterizing module ogpu_raster_unit_v0y
Progress: Adding ogpu_raster_unit_v0z [altera_avalon_pio 16.0]
Progress: Parameterizing module ogpu_raster_unit_v0z
Progress: Adding ogpu_raster_unit_v1x [altera_avalon_pio 16.0]
Progress: Parameterizing module ogpu_raster_unit_v1x
Progress: Adding ogpu_raster_unit_v1y [altera_avalon_pio 16.0]
Progress: Parameterizing module ogpu_raster_unit_v1y
Progress: Adding ogpu_raster_unit_v1z [altera_avalon_pio 16.0]
Progress: Parameterizing module ogpu_raster_unit_v1z
Progress: Adding ogpu_raster_unit_v2x [altera_avalon_pio 16.0]
Progress: Parameterizing module ogpu_raster_unit_v2x
Progress: Adding ogpu_raster_unit_v2y [altera_avalon_pio 16.0]
Progress: Parameterizing module ogpu_raster_unit_v2y
Progress: Adding ogpu_raster_unit_v2z [altera_avalon_pio 16.0]
Progress: Parameterizing module ogpu_raster_unit_v2z
Progress: Adding ogpu_reset [altera_avalon_pio 16.0]
Progress: Parameterizing module ogpu_reset
Progress: Adding pll_stream [altera_pll 16.0]
Progress: Parameterizing module pll_stream
Progress: Adding seven_seg_0 [altera_avalon_pio 16.0]
Progress: Parameterizing module seven_seg_0
Progress: Adding seven_seg_1 [altera_avalon_pio 16.0]
Progress: Parameterizing module seven_seg_1
Progress: Adding seven_seg_2 [altera_avalon_pio 16.0]
Progress: Parameterizing module seven_seg_2
Progress: Adding seven_seg_3 [altera_avalon_pio 16.0]
Progress: Parameterizing module seven_seg_3
Progress: Adding seven_seg_4 [altera_avalon_pio 16.0]
Progress: Parameterizing module seven_seg_4
Progress: Adding seven_seg_5 [altera_avalon_pio 16.0]
Progress: Parameterizing module seven_seg_5
Progress: Adding sysid_qsys [altera_avalon_sysid_qsys 16.0]
Progress: Parameterizing module sysid_qsys
Progress: Building connections
Progress: Parameterizing connections
Progress: Validating
Progress: Done reading input file
Warning: soc_system.alt_vip_vfr_vga: The module properties SIMULATION_MODEL_IN_VERILOG and SIMULATION_MODEL_IN_VHDL can not both be set when using the SIMULATION file property: src_hdl/alt_vipvfr131_vfr.v, src_hdl/alt_vipvfr131_vfr_controller.v, src_hdl/alt_vipvfr131_vfr_control_packet_encoder.v, src_hdl/alt_vipvfr131_prc.v, src_hdl/alt_vipvfr131_prc_core.v, src_hdl/alt_vipvfr131_prc_read_master.v, /opt/altera/16.0/ip/altera/frame_reader/common_hdl/alt_vipvfr131_common_package.vhd, /opt/altera/16.0/ip/altera/frame_reader/common_hdl/alt_vipvfr131_common_avalon_mm_bursting_master_fifo.vhd, /opt/altera/16.0/ip/altera/frame_reader/common_hdl/alt_vipvfr131_common_avalon_mm_master.v, /opt/altera/16.0/ip/altera/frame_reader/common_hdl/alt_vipvfr131_common_unpack_data.v, /opt/altera/16.0/ip/altera/frame_reader/common_hdl/alt_vipvfr131_common_avalon_mm_slave.v, /opt/altera/16.0/ip/altera/frame_reader/common_hdl/alt_vipvfr131_common_stream_output.v, /opt/altera/16.0/ip/altera/frame_reader/common_hdl/alt_vipvfr131_common_pulling_width_adapter.vhd, /opt/altera/16.0/ip/altera/frame_reader/common_hdl/alt_vipvfr131_common_general_fifo.vhd, /opt/altera/16.0/ip/altera/frame_reader/common_hdl/alt_vipvfr131_common_fifo_usedw_calculator.vhd, /opt/altera/16.0/ip/altera/frame_reader/common_hdl/alt_vipvfr131_common_gray_clock_crosser.vhd, /opt/altera/16.0/ip/altera/frame_reader/common_hdl/alt_vipvfr131_common_std_logic_vector_delay.vhd, /opt/altera/16.0/ip/altera/frame_reader/common_hdl/alt_vipvfr131_common_one_bit_delay.vhd, /opt/altera/16.0/ip/altera/frame_reader/common_hdl/alt_vipvfr131_common_logic_fifo.vhd, /opt/altera/16.0/ip/altera/frame_reader/common_hdl/alt_vipvfr131_common_ram_fifo.vhd
Info: soc_system.button_pio: PIO inputs are not hardwired in test bench. Undefined values will be read from PIO inputs during simulation.
Info: soc_system.dipsw_pio: PIO inputs are not hardwired in test bench. Undefined values will be read from PIO inputs during simulation.
Info: soc_system.hps_0: HPS Main PLL counter settings: n = 0  m = 73
Info: soc_system.hps_0: HPS peripherial PLL counter settings: n = 0  m = 39
Warning: soc_system.hps_0: "Configuration/HPS-to-FPGA user 0 clock frequency" (desired_cfg_clk_mhz) requested 100.0 MHz, but only achieved 97.368421 MHz
Warning: soc_system.hps_0: "QSPI clock frequency" (desired_qspi_clk_mhz) requested 400.0 MHz, but only achieved 370.0 MHz
Warning: soc_system.hps_0: 1 or more output clock frequencies cannot be achieved precisely, consider revising desired output clock frequencies.
Info: soc_system.hps_0: Ensure that valid Cortex A9 boot code is available to the HPS system when enabling boot from FPGA and h2f_axi_master interface is connecting to slave component start at address 0x0.
Info: soc_system.jtag_uart: JTAG UART IP input clock need to be at least double (2x) the operating frequency of JTAG TCK on board
Info: soc_system.ogpu_quad_store_data_high: PIO inputs are not hardwired in test bench. Undefined values will be read from PIO inputs during simulation.
Info: soc_system.ogpu_quad_store_data_low: PIO inputs are not hardwired in test bench. Undefined values will be read from PIO inputs during simulation.
Info: soc_system.ogpu_quad_store_req: PIO inputs are not hardwired in test bench. Undefined values will be read from PIO inputs during simulation.
Info: soc_system.ogpu_raster_unit_status: PIO inputs are not hardwired in test bench. Undefined values will be read from PIO inputs during simulation.
Info: soc_system.pll_stream: The legal reference clock frequency is 50.0 MHz..800.0 MHz
Info: soc_system.pll_stream: Able to implement PLL with user settings
Info: soc_system.sysid_qsys: System ID is not assigned automatically. Edit the System ID parameter to provide a unique ID
Info: soc_system.sysid_qsys: Time stamp will be automatically updated when this component is generated.
Warning: soc_system.hps_0: hps_0.f2h_boot_from_fpga must be exported, or connected to a matching conduit.
Warning: soc_system.pll_stream: pll_stream.locked must be exported, or connected to a matching conduit.
Warning: soc_system.alt_vip_vfr_vga: Interrupt sender alt_vip_vfr_vga.interrupt_sender is not connected to an interrupt receiver
Info: soc_system: Generating soc_system "soc_system" for QUARTUS_SYNTH
Info: Inserting clock-crossing logic between cmd_demux.src1 and cmd_mux_001.sink0
Info: Inserting clock-crossing logic between cmd_demux_001.src1 and cmd_mux_001.sink1
Info: Inserting clock-crossing logic between cmd_demux_002.src1 and cmd_mux_001.sink2
Info: Inserting clock-crossing logic between rsp_demux_001.src0 and rsp_mux.sink1
Info: Inserting clock-crossing logic between rsp_demux_001.src1 and rsp_mux_001.sink1
Info: Inserting clock-crossing logic between rsp_demux_001.src2 and rsp_mux_002.sink1
Warning: hps_0.f2h_irq0: Cannot connect clock for irq_mapper.sender
Warning: hps_0.f2h_irq0: Cannot connect reset for irq_mapper.sender
Warning: hps_0.f2h_irq1: Cannot connect clock for irq_mapper_001.sender
Warning: hps_0.f2h_irq1: Cannot connect reset for irq_mapper_001.sender
Info: alt_vip_itc_0: "soc_system" instantiated alt_vip_itc "alt_vip_itc_0"
Info: alt_vip_vfr_vga: "soc_system" instantiated alt_vip_vfr "alt_vip_vfr_vga"
Info: button_pio: Starting RTL generation for module 'soc_system_button_pio'
Info: button_pio:   Generation command is [exec /opt/altera/16.0/quartus/linux64/perl/bin/perl -I /opt/altera/16.0/quartus/linux64/perl/lib -I /opt/altera/16.0/quartus/sopc_builder/bin/europa -I /opt/altera/16.0/quartus/sopc_builder/bin/perl_lib -I /opt/altera/16.0/quartus/sopc_builder/bin -I /opt/altera/16.0/quartus/../ip/altera/sopc_builder_ip/common -I /opt/altera/16.0/quartus/../ip/altera/sopc_builder_ip/altera_avalon_pio -- /opt/altera/16.0/quartus/../ip/altera/sopc_builder_ip/altera_avalon_pio/generate_rtl.pl --name=soc_system_button_pio --dir=/tmp/alt7141_3932138528274153232.dir/0005_button_pio_gen/ --quartus_dir=/opt/altera/16.0/quartus --verilog --config=/tmp/alt7141_3932138528274153232.dir/0005_button_pio_gen//soc_system_button_pio_component_configuration.pl  --do_build_sim=0  ]
Info: button_pio: Done RTL generation for module 'soc_system_button_pio'
Info: button_pio: "soc_system" instantiated altera_avalon_pio "button_pio"
Info: dbg_csig: "soc_system" instantiated altera_in_system_sources_probes "dbg_csig"
Info: dipsw_pio: Starting RTL generation for module 'soc_system_dipsw_pio'
Info: dipsw_pio:   Generation command is [exec /opt/altera/16.0/quartus/linux64/perl/bin/perl -I /opt/altera/16.0/quartus/linux64/perl/lib -I /opt/altera/16.0/quartus/sopc_builder/bin/europa -I /opt/altera/16.0/quartus/sopc_builder/bin/perl_lib -I /opt/altera/16.0/quartus/sopc_builder/bin -I /opt/altera/16.0/quartus/../ip/altera/sopc_builder_ip/common -I /opt/altera/16.0/quartus/../ip/altera/sopc_builder_ip/altera_avalon_pio -- /opt/altera/16.0/quartus/../ip/altera/sopc_builder_ip/altera_avalon_pio/generate_rtl.pl --name=soc_system_dipsw_pio --dir=/tmp/alt7141_3932138528274153232.dir/0007_dipsw_pio_gen/ --quartus_dir=/opt/altera/16.0/quartus --verilog --config=/tmp/alt7141_3932138528274153232.dir/0007_dipsw_pio_gen//soc_system_dipsw_pio_component_configuration.pl  --do_build_sim=0  ]
Info: dipsw_pio: Done RTL generation for module 'soc_system_dipsw_pio'
Info: dipsw_pio: "soc_system" instantiated altera_avalon_pio "dipsw_pio"
Info: hps_0: "Running  for module: hps_0"
Info: hps_0: HPS Main PLL counter settings: n = 0  m = 73
Info: hps_0: HPS peripherial PLL counter settings: n = 0  m = 39
Warning: hps_0: "Configuration/HPS-to-FPGA user 0 clock frequency" (desired_cfg_clk_mhz) requested 100.0 MHz, but only achieved 97.368421 MHz
Warning: hps_0: "QSPI clock frequency" (desired_qspi_clk_mhz) requested 400.0 MHz, but only achieved 370.0 MHz
Warning: hps_0: 1 or more output clock frequencies cannot be achieved precisely, consider revising desired output clock frequencies.
Info: hps_0: Ensure that valid Cortex A9 boot code is available to the HPS system when enabling boot from FPGA and h2f_axi_master interface is connecting to slave component start at address 0x0.
Info: hps_0: "soc_system" instantiated altera_hps "hps_0"
Info: intr_capturer_0: "soc_system" instantiated intr_capturer "intr_capturer_0"
Info: jtag_uart: Starting RTL generation for module 'soc_system_jtag_uart'
Info: jtag_uart:   Generation command is [exec /opt/altera/16.0/quartus/linux64/perl/bin/perl -I /opt/altera/16.0/quartus/linux64/perl/lib -I /opt/altera/16.0/quartus/sopc_builder/bin/europa -I /opt/altera/16.0/quartus/sopc_builder/bin/perl_lib -I /opt/altera/16.0/quartus/sopc_builder/bin -I /opt/altera/16.0/quartus/../ip/altera/sopc_builder_ip/common -I /opt/altera/16.0/quartus/../ip/altera/sopc_builder_ip/altera_avalon_jtag_uart -- /opt/altera/16.0/quartus/../ip/altera/sopc_builder_ip/altera_avalon_jtag_uart/generate_rtl.pl --name=soc_system_jtag_uart --dir=/tmp/alt7141_3932138528274153232.dir/0009_jtag_uart_gen/ --quartus_dir=/opt/altera/16.0/quartus --verilog --config=/tmp/alt7141_3932138528274153232.dir/0009_jtag_uart_gen//soc_system_jtag_uart_component_configuration.pl  --do_build_sim=0  ]
Info: jtag_uart: Done RTL generation for module 'soc_system_jtag_uart'
Info: jtag_uart: "soc_system" instantiated altera_avalon_jtag_uart "jtag_uart"
Info: led_pio: Starting RTL generation for module 'soc_system_led_pio'
Info: led_pio:   Generation command is [exec /opt/altera/16.0/quartus/linux64/perl/bin/perl -I /opt/altera/16.0/quartus/linux64/perl/lib -I /opt/altera/16.0/quartus/sopc_builder/bin/europa -I /opt/altera/16.0/quartus/sopc_builder/bin/perl_lib -I /opt/altera/16.0/quartus/sopc_builder/bin -I /opt/altera/16.0/quartus/../ip/altera/sopc_builder_ip/common -I /opt/altera/16.0/quartus/../ip/altera/sopc_builder_ip/altera_avalon_pio -- /opt/altera/16.0/quartus/../ip/altera/sopc_builder_ip/altera_avalon_pio/generate_rtl.pl --name=soc_system_led_pio --dir=/tmp/alt7141_3932138528274153232.dir/0010_led_pio_gen/ --quartus_dir=/opt/altera/16.0/quartus --verilog --config=/tmp/alt7141_3932138528274153232.dir/0010_led_pio_gen//soc_system_led_pio_component_configuration.pl  --do_build_sim=0  ]
Info: led_pio: Done RTL generation for module 'soc_system_led_pio'
Info: led_pio: "soc_system" instantiated altera_avalon_pio "led_pio"
Info: master_non_sec: "soc_system" instantiated altera_jtag_avalon_master "master_non_sec"
Info: ogpu_quad_store_ack: Starting RTL generation for module 'soc_system_ogpu_quad_store_ack'
Info: ogpu_quad_store_ack:   Generation command is [exec /opt/altera/16.0/quartus/linux64/perl/bin/perl -I /opt/altera/16.0/quartus/linux64/perl/lib -I /opt/altera/16.0/quartus/sopc_builder/bin/europa -I /opt/altera/16.0/quartus/sopc_builder/bin/perl_lib -I /opt/altera/16.0/quartus/sopc_builder/bin -I /opt/altera/16.0/quartus/../ip/altera/sopc_builder_ip/common -I /opt/altera/16.0/quartus/../ip/altera/sopc_builder_ip/altera_avalon_pio -- /opt/altera/16.0/quartus/../ip/altera/sopc_builder_ip/altera_avalon_pio/generate_rtl.pl --name=soc_system_ogpu_quad_store_ack --dir=/tmp/alt7141_3932138528274153232.dir/0011_ogpu_quad_store_ack_gen/ --quartus_dir=/opt/altera/16.0/quartus --verilog --config=/tmp/alt7141_3932138528274153232.dir/0011_ogpu_quad_store_ack_gen//soc_system_ogpu_quad_store_ack_component_configuration.pl  --do_build_sim=0  ]
Info: ogpu_quad_store_ack: Done RTL generation for module 'soc_system_ogpu_quad_store_ack'
Info: ogpu_quad_store_ack: "soc_system" instantiated altera_avalon_pio "ogpu_quad_store_ack"
Info: ogpu_quad_store_data_high: Starting RTL generation for module 'soc_system_ogpu_quad_store_data_high'
Info: ogpu_quad_store_data_high:   Generation command is [exec /opt/altera/16.0/quartus/linux64/perl/bin/perl -I /opt/altera/16.0/quartus/linux64/perl/lib -I /opt/altera/16.0/quartus/sopc_builder/bin/europa -I /opt/altera/16.0/quartus/sopc_builder/bin/perl_lib -I /opt/altera/16.0/quartus/sopc_builder/bin -I /opt/altera/16.0/quartus/../ip/altera/sopc_builder_ip/common -I /opt/altera/16.0/quartus/../ip/altera/sopc_builder_ip/altera_avalon_pio -- /opt/altera/16.0/quartus/../ip/altera/sopc_builder_ip/altera_avalon_pio/generate_rtl.pl --name=soc_system_ogpu_quad_store_data_high --dir=/tmp/alt7141_3932138528274153232.dir/0012_ogpu_quad_store_data_high_gen/ --quartus_dir=/opt/altera/16.0/quartus --verilog --config=/tmp/alt7141_3932138528274153232.dir/0012_ogpu_quad_store_data_high_gen//soc_system_ogpu_quad_store_data_high_component_configuration.pl  --do_build_sim=0  ]
Info: ogpu_quad_store_data_high: Done RTL generation for module 'soc_system_ogpu_quad_store_data_high'
Info: ogpu_quad_store_data_high: "soc_system" instantiated altera_avalon_pio "ogpu_quad_store_data_high"
Info: ogpu_quad_store_req: Starting RTL generation for module 'soc_system_ogpu_quad_store_req'
Info: ogpu_quad_store_req:   Generation command is [exec /opt/altera/16.0/quartus/linux64/perl/bin/perl -I /opt/altera/16.0/quartus/linux64/perl/lib -I /opt/altera/16.0/quartus/sopc_builder/bin/europa -I /opt/altera/16.0/quartus/sopc_builder/bin/perl_lib -I /opt/altera/16.0/quartus/sopc_builder/bin -I /opt/altera/16.0/quartus/../ip/altera/sopc_builder_ip/common -I /opt/altera/16.0/quartus/../ip/altera/sopc_builder_ip/altera_avalon_pio -- /opt/altera/16.0/quartus/../ip/altera/sopc_builder_ip/altera_avalon_pio/generate_rtl.pl --name=soc_system_ogpu_quad_store_req --dir=/tmp/alt7141_3932138528274153232.dir/0013_ogpu_quad_store_req_gen/ --quartus_dir=/opt/altera/16.0/quartus --verilog --config=/tmp/alt7141_3932138528274153232.dir/0013_ogpu_quad_store_req_gen//soc_system_ogpu_quad_store_req_component_configuration.pl  --do_build_sim=0  ]
Info: ogpu_quad_store_req: Done RTL generation for module 'soc_system_ogpu_quad_store_req'
Info: ogpu_quad_store_req: "soc_system" instantiated altera_avalon_pio "ogpu_quad_store_req"
Info: ogpu_raster_unit_clip_rect0: Starting RTL generation for module 'soc_system_ogpu_raster_unit_clip_rect0'
Info: ogpu_raster_unit_clip_rect0:   Generation command is [exec /opt/altera/16.0/quartus/linux64/perl/bin/perl -I /opt/altera/16.0/quartus/linux64/perl/lib -I /opt/altera/16.0/quartus/sopc_builder/bin/europa -I /opt/altera/16.0/quartus/sopc_builder/bin/perl_lib -I /opt/altera/16.0/quartus/sopc_builder/bin -I /opt/altera/16.0/quartus/../ip/altera/sopc_builder_ip/common -I /opt/altera/16.0/quartus/../ip/altera/sopc_builder_ip/altera_avalon_pio -- /opt/altera/16.0/quartus/../ip/altera/sopc_builder_ip/altera_avalon_pio/generate_rtl.pl --name=soc_system_ogpu_raster_unit_clip_rect0 --dir=/tmp/alt7141_3932138528274153232.dir/0014_ogpu_raster_unit_clip_rect0_gen/ --quartus_dir=/opt/altera/16.0/quartus --verilog --config=/tmp/alt7141_3932138528274153232.dir/0014_ogpu_raster_unit_clip_rect0_gen//soc_system_ogpu_raster_unit_clip_rect0_component_configuration.pl  --do_build_sim=0  ]
Info: ogpu_raster_unit_clip_rect0: Done RTL generation for module 'soc_system_ogpu_raster_unit_clip_rect0'
Info: ogpu_raster_unit_clip_rect0: "soc_system" instantiated altera_avalon_pio "ogpu_raster_unit_clip_rect0"
Info: ogpu_raster_unit_command: Starting RTL generation for module 'soc_system_ogpu_raster_unit_command'
Info: ogpu_raster_unit_command:   Generation command is [exec /opt/altera/16.0/quartus/linux64/perl/bin/perl -I /opt/altera/16.0/quartus/linux64/perl/lib -I /opt/altera/16.0/quartus/sopc_builder/bin/europa -I /opt/altera/16.0/quartus/sopc_builder/bin/perl_lib -I /opt/altera/16.0/quartus/sopc_builder/bin -I /opt/altera/16.0/quartus/../ip/altera/sopc_builder_ip/common -I /opt/altera/16.0/quartus/../ip/altera/sopc_builder_ip/altera_avalon_pio -- /opt/altera/16.0/quartus/../ip/altera/sopc_builder_ip/altera_avalon_pio/generate_rtl.pl --name=soc_system_ogpu_raster_unit_command --dir=/tmp/alt7141_3932138528274153232.dir/0015_ogpu_raster_unit_command_gen/ --quartus_dir=/opt/altera/16.0/quartus --verilog --config=/tmp/alt7141_3932138528274153232.dir/0015_ogpu_raster_unit_command_gen//soc_system_ogpu_raster_unit_command_component_configuration.pl  --do_build_sim=0  ]
Info: ogpu_raster_unit_command: Done RTL generation for module 'soc_system_ogpu_raster_unit_command'
Info: ogpu_raster_unit_command: "soc_system" instantiated altera_avalon_pio "ogpu_raster_unit_command"
Info: ogpu_raster_unit_v0x: Starting RTL generation for module 'soc_system_ogpu_raster_unit_v0x'
Info: ogpu_raster_unit_v0x:   Generation command is [exec /opt/altera/16.0/quartus/linux64/perl/bin/perl -I /opt/altera/16.0/quartus/linux64/perl/lib -I /opt/altera/16.0/quartus/sopc_builder/bin/europa -I /opt/altera/16.0/quartus/sopc_builder/bin/perl_lib -I /opt/altera/16.0/quartus/sopc_builder/bin -I /opt/altera/16.0/quartus/../ip/altera/sopc_builder_ip/common -I /opt/altera/16.0/quartus/../ip/altera/sopc_builder_ip/altera_avalon_pio -- /opt/altera/16.0/quartus/../ip/altera/sopc_builder_ip/altera_avalon_pio/generate_rtl.pl --name=soc_system_ogpu_raster_unit_v0x --dir=/tmp/alt7141_3932138528274153232.dir/0016_ogpu_raster_unit_v0x_gen/ --quartus_dir=/opt/altera/16.0/quartus --verilog --config=/tmp/alt7141_3932138528274153232.dir/0016_ogpu_raster_unit_v0x_gen//soc_system_ogpu_raster_unit_v0x_component_configuration.pl  --do_build_sim=0  ]
Info: ogpu_raster_unit_v0x: Done RTL generation for module 'soc_system_ogpu_raster_unit_v0x'
Info: ogpu_raster_unit_v0x: "soc_system" instantiated altera_avalon_pio "ogpu_raster_unit_v0x"
Info: pll_stream: "soc_system" instantiated altera_pll "pll_stream"
Info: seven_seg_0: Starting RTL generation for module 'soc_system_seven_seg_0'
Info: seven_seg_0:   Generation command is [exec /opt/altera/16.0/quartus/linux64/perl/bin/perl -I /opt/altera/16.0/quartus/linux64/perl/lib -I /opt/altera/16.0/quartus/sopc_builder/bin/europa -I /opt/altera/16.0/quartus/sopc_builder/bin/perl_lib -I /opt/altera/16.0/quartus/sopc_builder/bin -I /opt/altera/16.0/quartus/../ip/altera/sopc_builder_ip/common -I /opt/altera/16.0/quartus/../ip/altera/sopc_builder_ip/altera_avalon_pio -- /opt/altera/16.0/quartus/../ip/altera/sopc_builder_ip/altera_avalon_pio/generate_rtl.pl --name=soc_system_seven_seg_0 --dir=/tmp/alt7141_3932138528274153232.dir/0018_seven_seg_0_gen/ --quartus_dir=/opt/altera/16.0/quartus --verilog --config=/tmp/alt7141_3932138528274153232.dir/0018_seven_seg_0_gen//soc_system_seven_seg_0_component_configuration.pl  --do_build_sim=0  ]
Info: seven_seg_0: Done RTL generation for module 'soc_system_seven_seg_0'
Info: seven_seg_0: "soc_system" instantiated altera_avalon_pio "seven_seg_0"
Info: sysid_qsys: "soc_system" instantiated altera_avalon_sysid_qsys "sysid_qsys"
Info: mm_interconnect_0: "soc_system" instantiated altera_mm_interconnect "mm_interconnect_0"
Info: avalon_st_adapter: Inserting error_adapter: error_adapter_0
Info: avalon_st_adapter_001: Inserting error_adapter: error_adapter_0
Info: avalon_st_adapter_002: Inserting error_adapter: error_adapter_0
Info: avalon_st_adapter_003: Inserting error_adapter: error_adapter_0
Info: avalon_st_adapter_004: Inserting error_adapter: error_adapter_0
Info: avalon_st_adapter_005: Inserting error_adapter: error_adapter_0
Info: avalon_st_adapter_006: Inserting error_adapter: error_adapter_0
Info: avalon_st_adapter_007: Inserting error_adapter: error_adapter_0
Info: avalon_st_adapter_008: Inserting error_adapter: error_adapter_0
Info: avalon_st_adapter_009: Inserting error_adapter: error_adapter_0
Info: avalon_st_adapter_010: Inserting error_adapter: error_adapter_0
Info: avalon_st_adapter_011: Inserting error_adapter: error_adapter_0
Info: avalon_st_adapter_012: Inserting error_adapter: error_adapter_0
Info: avalon_st_adapter_013: Inserting error_adapter: error_adapter_0
Info: avalon_st_adapter_014: Inserting error_adapter: error_adapter_0
Info: avalon_st_adapter_015: Inserting error_adapter: error_adapter_0
Info: avalon_st_adapter_016: Inserting error_adapter: error_adapter_0
Info: avalon_st_adapter_017: Inserting error_adapter: error_adapter_0
Info: avalon_st_adapter_018: Inserting error_adapter: error_adapter_0
Info: avalon_st_adapter_019: Inserting error_adapter: error_adapter_0
Info: avalon_st_adapter_020: Inserting error_adapter: error_adapter_0
Info: avalon_st_adapter_021: Inserting error_adapter: error_adapter_0
Info: avalon_st_adapter_022: Inserting error_adapter: error_adapter_0
Info: avalon_st_adapter_023: Inserting error_adapter: error_adapter_0
Info: avalon_st_adapter_024: Inserting error_adapter: error_adapter_0
Info: mm_interconnect_1: "soc_system" instantiated altera_mm_interconnect "mm_interconnect_1"
Info: avalon_st_adapter: Inserting error_adapter: error_adapter_0
Info: avalon_st_adapter_001: Inserting error_adapter: error_adapter_0
Info: avalon_st_adapter_002: Inserting error_adapter: error_adapter_0
Info: avalon_st_adapter_003: Inserting error_adapter: error_adapter_0
Info: avalon_st_adapter_004: Inserting error_adapter: error_adapter_0
Info: avalon_st_adapter_005: Inserting error_adapter: error_adapter_0
Info: avalon_st_adapter_006: Inserting error_adapter: error_adapter_0
Info: avalon_st_adapter_007: Inserting error_adapter: error_adapter_0
Info: avalon_st_adapter_008: Inserting error_adapter: error_adapter_0
Info: avalon_st_adapter_009: Inserting error_adapter: error_adapter_0
Info: avalon_st_adapter_010: Inserting error_adapter: error_adapter_0
Info: avalon_st_adapter_011: Inserting error_adapter: error_adapter_0
Info: avalon_st_adapter_012: Inserting error_adapter: error_adapter_0
Info: mm_interconnect_2: "soc_system" instantiated altera_mm_interconnect "mm_interconnect_2"
Info: irq_mapper: "soc_system" instantiated altera_irq_mapper "irq_mapper"
Info: irq_mapper_001: "soc_system" instantiated altera_irq_mapper "irq_mapper_001"
Info: rst_controller: "soc_system" instantiated altera_reset_controller "rst_controller"
Info: fpga_interfaces: "hps_0" instantiated altera_interface_generator "fpga_interfaces"
Info: hps_io: "hps_0" instantiated altera_hps_io "hps_io"
Info: jtag_phy_embedded_in_jtag_master: "master_non_sec" instantiated altera_jtag_dc_streaming "jtag_phy_embedded_in_jtag_master"
Info: timing_adt: "master_non_sec" instantiated timing_adapter "timing_adt"
Info: fifo: "master_non_sec" instantiated altera_avalon_sc_fifo "fifo"
Info: b2p: "master_non_sec" instantiated altera_avalon_st_bytes_to_packets "b2p"
Info: p2b: "master_non_sec" instantiated altera_avalon_st_packets_to_bytes "p2b"
Info: transacto: "master_non_sec" instantiated altera_avalon_packets_to_master "transacto"
Info: b2p_adapter: "master_non_sec" instantiated channel_adapter "b2p_adapter"
Info: p2b_adapter: "master_non_sec" instantiated channel_adapter "p2b_adapter"
Info: alt_vip_vfr_vga_avalon_master_translator: "mm_interconnect_0" instantiated altera_merlin_master_translator "alt_vip_vfr_vga_avalon_master_translator"
Info: alt_vip_vfr_vga_avalon_master_agent: "mm_interconnect_0" instantiated altera_merlin_master_agent "alt_vip_vfr_vga_avalon_master_agent"
Info: hps_0_f2h_axi_slave_agent: "mm_interconnect_0" instantiated altera_merlin_axi_slave_ni "hps_0_f2h_axi_slave_agent"
Info: Reusing file /home/fabricio/OpenGPU/hardware/fpga_de1_soc_project/soc_system/synthesis/submodules/altera_avalon_sc_fifo.v
Info: router: "mm_interconnect_0" instantiated altera_merlin_router "router"
Info: router_001: "mm_interconnect_0" instantiated altera_merlin_router "router_001"
Info: router_002: "mm_interconnect_0" instantiated altera_merlin_router "router_002"
Info: alt_vip_vfr_vga_avalon_master_limiter: "mm_interconnect_0" instantiated altera_merlin_traffic_limiter "alt_vip_vfr_vga_avalon_master_limiter"
Info: Reusing file /home/fabricio/OpenGPU/hardware/fpga_de1_soc_project/soc_system/synthesis/submodules/altera_avalon_sc_fifo.v
Info: Reusing file /home/fabricio/OpenGPU/hardware/fpga_de1_soc_project/soc_system/synthesis/submodules/altera_avalon_st_pipeline_base.v
Info: hps_0_f2h_axi_slave_wr_burst_adapter: "mm_interconnect_0" instantiated altera_merlin_burst_adapter "hps_0_f2h_axi_slave_wr_burst_adapter"
Info: Reusing file /home/fabricio/OpenGPU/hardware/fpga_de1_soc_project/soc_system/synthesis/submodules/altera_merlin_address_alignment.sv
Info: Reusing file /home/fabricio/OpenGPU/hardware/fpga_de1_soc_project/soc_system/synthesis/submodules/altera_avalon_st_pipeline_stage.sv
Info: Reusing file /home/fabricio/OpenGPU/hardware/fpga_de1_soc_project/soc_system/synthesis/submodules/altera_avalon_st_pipeline_base.v
Info: cmd_demux: "mm_interconnect_0" instantiated altera_merlin_demultiplexer "cmd_demux"
Info: cmd_demux_001: "mm_interconnect_0" instantiated altera_merlin_demultiplexer "cmd_demux_001"
Info: cmd_mux: "mm_interconnect_0" instantiated altera_merlin_multiplexer "cmd_mux"
Info: rsp_mux: "mm_interconnect_0" instantiated altera_merlin_multiplexer "rsp_mux"
Info: Reusing file /home/fabricio/OpenGPU/hardware/fpga_de1_soc_project/soc_system/synthesis/submodules/altera_merlin_arbitrator.sv
Info: master_secure_master_cmd_width_adapter: "mm_interconnect_0" instantiated altera_merlin_width_adapter "master_secure_master_cmd_width_adapter"
Info: Reusing file /home/fabricio/OpenGPU/hardware/fpga_de1_soc_project/soc_system/synthesis/submodules/altera_merlin_address_alignment.sv
Info: Reusing file /home/fabricio/OpenGPU/hardware/fpga_de1_soc_project/soc_system/synthesis/submodules/altera_merlin_burst_uncompressor.sv
Info: ogpu_raster_unit_quad_buffer_addr_high_s1_translator: "mm_interconnect_1" instantiated altera_merlin_slave_translator "ogpu_raster_unit_quad_buffer_addr_high_s1_translator"
Info: hps_0_h2f_axi_master_agent: "mm_interconnect_1" instantiated altera_merlin_axi_master_ni "hps_0_h2f_axi_master_agent"
Info: Reusing file /home/fabricio/OpenGPU/hardware/fpga_de1_soc_project/soc_system/synthesis/submodules/altera_merlin_address_alignment.sv
Info: ogpu_raster_unit_quad_buffer_addr_high_s1_agent: "mm_interconnect_1" instantiated altera_merlin_slave_agent "ogpu_raster_unit_quad_buffer_addr_high_s1_agent"
Info: Reusing file /home/fabricio/OpenGPU/hardware/fpga_de1_soc_project/soc_system/synthesis/submodules/altera_merlin_burst_uncompressor.sv
Info: router: "mm_interconnect_1" instantiated altera_merlin_router "router"
Info: router_002: "mm_interconnect_1" instantiated altera_merlin_router "router_002"
Info: cmd_demux: "mm_interconnect_1" instantiated altera_merlin_demultiplexer "cmd_demux"
Info: cmd_mux: "mm_interconnect_1" instantiated altera_merlin_multiplexer "cmd_mux"
Info: Reusing file /home/fabricio/OpenGPU/hardware/fpga_de1_soc_project/soc_system/synthesis/submodules/altera_merlin_arbitrator.sv
Info: rsp_demux: "mm_interconnect_1" instantiated altera_merlin_demultiplexer "rsp_demux"
Info: rsp_mux: "mm_interconnect_1" instantiated altera_merlin_multiplexer "rsp_mux"
Info: Reusing file /home/fabricio/OpenGPU/hardware/fpga_de1_soc_project/soc_system/synthesis/submodules/altera_merlin_arbitrator.sv
Info: avalon_st_adapter: "mm_interconnect_1" instantiated altera_avalon_st_adapter "avalon_st_adapter"
Info: router: "mm_interconnect_2" instantiated altera_merlin_router "router"
Info: router_002: "mm_interconnect_2" instantiated altera_merlin_router "router_002"
Info: router_003: "mm_interconnect_2" instantiated altera_merlin_router "router_003"
Info: router_008: "mm_interconnect_2" instantiated altera_merlin_router "router_008"
Info: router_015: "mm_interconnect_2" instantiated altera_merlin_router "router_015"
Info: cmd_demux: "mm_interconnect_2" instantiated altera_merlin_demultiplexer "cmd_demux"
Info: cmd_demux_002: "mm_interconnect_2" instantiated altera_merlin_demultiplexer "cmd_demux_002"
Info: cmd_mux: "mm_interconnect_2" instantiated altera_merlin_multiplexer "cmd_mux"
Info: Reusing file /home/fabricio/OpenGPU/hardware/fpga_de1_soc_project/soc_system/synthesis/submodules/altera_merlin_arbitrator.sv
Info: cmd_mux_005: "mm_interconnect_2" instantiated altera_merlin_multiplexer "cmd_mux_005"
Info: Reusing file /home/fabricio/OpenGPU/hardware/fpga_de1_soc_project/soc_system/synthesis/submodules/altera_merlin_arbitrator.sv
Info: cmd_mux_012: "mm_interconnect_2" instantiated altera_merlin_multiplexer "cmd_mux_012"
Info: Reusing file /home/fabricio/OpenGPU/hardware/fpga_de1_soc_project/soc_system/synthesis/submodules/altera_merlin_arbitrator.sv
Info: rsp_demux: "mm_interconnect_2" instantiated altera_merlin_demultiplexer "rsp_demux"
Info: rsp_demux_001: "mm_interconnect_2" instantiated altera_merlin_demultiplexer "rsp_demux_001"
Info: rsp_demux_005: "mm_interconnect_2" instantiated altera_merlin_demultiplexer "rsp_demux_005"
Info: rsp_demux_012: "mm_interconnect_2" instantiated altera_merlin_demultiplexer "rsp_demux_012"
Info: rsp_mux: "mm_interconnect_2" instantiated altera_merlin_multiplexer "rsp_mux"
Info: Reusing file /home/fabricio/OpenGPU/hardware/fpga_de1_soc_project/soc_system/synthesis/submodules/altera_merlin_arbitrator.sv
Info: rsp_mux_002: "mm_interconnect_2" instantiated altera_merlin_multiplexer "rsp_mux_002"
Info: Reusing file /home/fabricio/OpenGPU/hardware/fpga_de1_soc_project/soc_system/synthesis/submodules/altera_merlin_arbitrator.sv
Info: crosser: "mm_interconnect_2" instantiated altera_avalon_st_handshake_clock_crosser "crosser"
Info: Reusing file /home/fabricio/OpenGPU/hardware/fpga_de1_soc_project/soc_system/synthesis/submodules/altera_avalon_st_clock_crosser.v
Info: Reusing file /home/fabricio/OpenGPU/hardware/fpga_de1_soc_project/soc_system/synthesis/submodules/altera_avalon_st_pipeline_base.v
Warning: Overwriting different file /home/fabricio/OpenGPU/hardware/fpga_de1_soc_project/soc_system/synthesis/submodules/altera_std_synchronizer_nocut.v
Info: border: "hps_io" instantiated altera_interface_generator "border"
Info: error_adapter_0: "avalon_st_adapter" instantiated error_adapter "error_adapter_0"
Info: soc_system: Done "soc_system" with 78 modules, 182 files
Info: qsys-generate succeeded.
Info: Finished: Create HDL design files for synthesis
